<?xml version="1.0" encoding="UTF-8"?>
<!-- Generated by org.testng.reporters.JUnitReportReporter -->
<testsuite hostname="LAPTOP-E38G0V8K" failures="0" tests="1" name="com.Omayo.testcases.VerifyUserRagistration" time="0.798" errors="0" timestamp="2023-07-21T12:01:19 IST" skipped="0">
  <testcase classname="com.Omayo.testcases.VerifyUserRagistration" name="readExcelFile" time="0.798"/>
  <system-out/>
</testsuite> <!-- com.Omayo.testcases.VerifyUserRagistration -->
