<?xml version="1.0" encoding="UTF-8"?>
<!-- Generated by org.testng.reporters.JUnitReportReporter -->
<testsuite hostname="LAPTOP-E38G0V8K" failures="0" tests="1" name="com.Omayo.testcases.VerifyHomePage" time="8.597" errors="0" timestamp="2023-07-19T12:25:20 IST" skipped="0">
  <testcase classname="com.Omayo.testcases.VerifyHomePage" name="verifyHomePage" time="8.597"/>
  <system-out/>
</testsuite> <!-- com.Omayo.testcases.VerifyHomePage -->
