<?xml version="1.0" encoding="UTF-8"?>
<!-- Generated by org.testng.reporters.JUnitReportReporter -->
<testsuite hostname="LAPTOP-E38G0V8K" failures="0" tests="1" name="com.Omayo.testcases.VerifyUserToSelectOptionsFromMultiSelectDropDown" time="8.060" errors="0" timestamp="2023-07-19T12:23:50 IST" skipped="0">
  <testcase classname="com.Omayo.testcases.VerifyUserToSelectOptionsFromMultiSelectDropDown" name="verifyUserToSelectOptionsFromMultiSelectDropDown" time="8.060"/>
  <system-out/>
</testsuite> <!-- com.Omayo.testcases.VerifyUserToSelectOptionsFromMultiSelectDropDown -->
